  源.cpp
C:\Users\HP\Desktop\Project1\Project1\源.cpp(1,1): warning C4819: 该文件包含不能在当前代码页(936)中表示的字符。请将该文件保存为 Unicode 格式以防止数据丢失
C:\Users\HP\Desktop\Project1\Project1\源.cpp(103,9): error C2001: 常量中有换行符
C:\Users\HP\Desktop\Project1\Project1\源.cpp(104,2): error C2146: 语法错误: 缺少“)”(在标识符“scanf”的前面)
C:\Users\HP\Desktop\Project1\Project1\源.cpp(104,2): error C2146: 语法错误: 缺少“;”(在标识符“scanf”的前面)
C:\Users\HP\Desktop\Project1\Project1\源.cpp(152,9): error C2001: 常量中有换行符
C:\Users\HP\Desktop\Project1\Project1\源.cpp(154,2): error C2146: 语法错误: 缺少“)”(在标识符“scanf”的前面)
C:\Users\HP\Desktop\Project1\Project1\源.cpp(154,2): error C2146: 语法错误: 缺少“;”(在标识符“scanf”的前面)
C:\Users\HP\Desktop\Project1\Project1\源.cpp(176,10): error C2001: 常量中有换行符
C:\Users\HP\Desktop\Project1\Project1\源.cpp(177,3): error C2143: 语法错误: 缺少“)”(在“for”的前面)
C:\Users\HP\Desktop\Project1\Project1\源.cpp(177,3): error C2143: 语法错误: 缺少“;”(在“for”的前面)
C:\Users\HP\Desktop\Project1\Project1\源.cpp(189,10): error C2001: 常量中有换行符
C:\Users\HP\Desktop\Project1\Project1\源.cpp(190,3): error C2143: 语法错误: 缺少“)”(在“for”的前面)
C:\Users\HP\Desktop\Project1\Project1\源.cpp(190,3): error C2143: 语法错误: 缺少“;”(在“for”的前面)
C:\Users\HP\Desktop\Project1\Project1\源.cpp(220,9): error C2001: 常量中有换行符
C:\Users\HP\Desktop\Project1\Project1\源.cpp(221,2): error C2146: 语法错误: 缺少“)”(在标识符“scanf”的前面)
C:\Users\HP\Desktop\Project1\Project1\源.cpp(221,2): error C2146: 语法错误: 缺少“;”(在标识符“scanf”的前面)
C:\Users\HP\Desktop\Project1\Project1\源.cpp(243,10): error C2001: 常量中有换行符
C:\Users\HP\Desktop\Project1\Project1\源.cpp(244,3): error C2143: 语法错误: 缺少“)”(在“for”的前面)
C:\Users\HP\Desktop\Project1\Project1\源.cpp(244,3): error C2143: 语法错误: 缺少“;”(在“for”的前面)
C:\Users\HP\Desktop\Project1\Project1\源.cpp(255,10): error C2001: 常量中有换行符
C:\Users\HP\Desktop\Project1\Project1\源.cpp(256,3): error C2143: 语法错误: 缺少“)”(在“for”的前面)
C:\Users\HP\Desktop\Project1\Project1\源.cpp(256,3): error C2143: 语法错误: 缺少“;”(在“for”的前面)
C:\Users\HP\Desktop\Project1\Project1\源.cpp(348,131): warning C4474: printf: 格式字符串中传递的参数太多
C:\Users\HP\Desktop\Project1\Project1\源.cpp(348,131): message : 占位符和其参数预计 0 可变参数，但提供的却是 1 参数
C:\Users\HP\Desktop\Project1\Project1\源.cpp(427,131): warning C4474: printf: 格式字符串中传递的参数太多
C:\Users\HP\Desktop\Project1\Project1\源.cpp(427,131): message : 占位符和其参数预计 0 可变参数，但提供的却是 1 参数
C:\Users\HP\Desktop\Project1\Project1\源.cpp(470,10): error C2001: 常量中有换行符
C:\Users\HP\Desktop\Project1\Project1\源.cpp(471,3): error C2143: 语法错误: 缺少“)”(在“return”的前面)
C:\Users\HP\Desktop\Project1\Project1\源.cpp(471,3): error C2143: 语法错误: 缺少“;”(在“return”的前面)
C:\Users\HP\Desktop\Project1\Project1\源.cpp(555,12): error C2001: 常量中有换行符
C:\Users\HP\Desktop\Project1\Project1\源.cpp(556,5): error C2146: 语法错误: 缺少“)”(在标识符“scanf”的前面)
C:\Users\HP\Desktop\Project1\Project1\源.cpp(556,5): error C2146: 语法错误: 缺少“;”(在标识符“scanf”的前面)
C:\Users\HP\Desktop\Project1\Project1\源.cpp(557,50): warning C4474: printf: 格式字符串中传递的参数太多
C:\Users\HP\Desktop\Project1\Project1\源.cpp(557,50): message : 占位符和其参数预计 0 可变参数，但提供的却是 1 参数
C:\Users\HP\Desktop\Project1\Project1\源.cpp(567,60): warning C4474: printf: 格式字符串中传递的参数太多
C:\Users\HP\Desktop\Project1\Project1\源.cpp(567,60): message : 占位符和其参数预计 0 可变参数，但提供的却是 1 参数
C:\Users\HP\Desktop\Project1\Project1\源.cpp(573,13): error C2001: 常量中有换行符
C:\Users\HP\Desktop\Project1\Project1\源.cpp(574,5): error C2143: 语法错误: 缺少“)”(在“}”的前面)
C:\Users\HP\Desktop\Project1\Project1\源.cpp(574,5): error C2143: 语法错误: 缺少“;”(在“}”的前面)
C:\Users\HP\Desktop\Project1\Project1\源.cpp(579,12): error C2001: 常量中有换行符
C:\Users\HP\Desktop\Project1\Project1\源.cpp(580,5): error C2146: 语法错误: 缺少“)”(在标识符“scanf”的前面)
C:\Users\HP\Desktop\Project1\Project1\源.cpp(580,5): error C2146: 语法错误: 缺少“;”(在标识符“scanf”的前面)
C:\Users\HP\Desktop\Project1\Project1\源.cpp(581,50): warning C4474: printf: 格式字符串中传递的参数太多
C:\Users\HP\Desktop\Project1\Project1\源.cpp(581,50): message : 占位符和其参数预计 0 可变参数，但提供的却是 1 参数
